
1) Show Train Line
2) Add Train Car
3) Update with Debug Info
4) Show Station Details
5) Make Test Line 
6) Make Custom Line 
0) Quit

Choice: ----Station: Start---- Cars: 
----Station: End---- Cars: 

1) Show Train Line
2) Add Train Car
3) Update with Debug Info
4) Show Station Details
5) Make Test Line 
6) Make Custom Line 
0) Quit

Choice: Which type: 0-->Cautious, 1-->Normal, 2-->Rush hour: 
1) Show Train Line
2) Add Train Car
3) Update with Debug Info
4) Show Station Details
5) Make Test Line 
6) Make Custom Line 
0) Quit

Choice: ----Station: Start---- Cars: 18: 0.00   
----Station: End---- Cars: 

1) Show Train Line
2) Add Train Car
3) Update with Debug Info
4) Show Station Details
5) Make Test Line 
6) Make Custom Line 
0) Quit

Choice: Time:  0.5
----Station: Start---- Cars: 
    18: 0.25  
----Station: End---- Cars: 

1) Show Train Line
2) Add Train Car
3) Update with Debug Info
4) Show Station Details
5) Make Test Line 
6) Make Custom Line 
0) Quit

Choice: ----Station: Start---- Cars: 
----Station: End---- Cars: 

1) Show Train Line
2) Add Train Car
3) Update with Debug Info
4) Show Station Details
5) Make Test Line 
6) Make Custom Line 
0) Quit

Choice: Which type: 0-->Cautious, 1-->Normal, 2-->Rush hour: 
1) Show Train Line
2) Add Train Car
3) Update with Debug Info
4) Show Station Details
5) Make Test Line 
6) Make Custom Line 
0) Quit

Choice: ----Station: Start---- Cars: 19: 0.00   
----Station: End---- Cars: 

1) Show Train Line
2) Add Train Car
3) Update with Debug Info
4) Show Station Details
5) Make Test Line 
6) Make Custom Line 
0) Quit

Choice: Time:  1.0
----Station: Start---- Cars: 
    18: 0.50  19: 0.25  
----Station: End---- Cars: 

1) Show Train Line
2) Add Train Car
3) Update with Debug Info
4) Show Station Details
5) Make Test Line 
6) Make Custom Line 
0) Quit

Choice: Time:  1.5
----Station: Start---- Cars: 
    19: 0.50  
----Station: End---- Cars: 18: 0.00   

1) Show Train Line
2) Add Train Car
3) Update with Debug Info
4) Show Station Details
5) Make Test Line 
6) Make Custom Line 
0) Quit

Choice: Time:  2.0
----Station: Start---- Cars: 
    
----Station: End---- Cars: 18: 0.00   19: 0.00   

1) Show Train Line
2) Add Train Car
3) Update with Debug Info
4) Show Station Details
5) Make Test Line 
6) Make Custom Line 
0) Quit

Choice: Which type: 0-->Cautious, 1-->Normal, 2-->Rush hour: 
1) Show Train Line
2) Add Train Car
3) Update with Debug Info
4) Show Station Details
5) Make Test Line 
6) Make Custom Line 
0) Quit

Choice: ----Station: Start---- Cars: 20: 0.00   
----Station: End---- Cars: 18: 0.00   19: 0.00   

1) Show Train Line
2) Add Train Car
3) Update with Debug Info
4) Show Station Details
5) Make Test Line 
6) Make Custom Line 
0) Quit

Choice: Time:  2.5
----Station: Start---- Cars: 20: 0.00   
    18: 0.00  
----Station: End---- Cars: 19: 0.00   

1) Show Train Line
2) Add Train Car
3) Update with Debug Info
4) Show Station Details
5) Make Test Line 
6) Make Custom Line 
0) Quit

Choice: ----Station: Start---- Cars: 20: 0.00   
----Station: End---- Cars: 19: 0.00   

1) Show Train Line
2) Add Train Car
3) Update with Debug Info
4) Show Station Details
5) Make Test Line 
6) Make Custom Line 
0) Quit

Choice: 