
1) Add data
2) Display data
3) Remove house
4) Load XML
5) Write XML
6) Find food
7) Estimate leftovers
0) Quit
Choice: File Name: 
1) Add data
2) Display data
3) Remove house
4) Load XML
5) Write XML
6) Find food
7) Estimate leftovers
0) Quit
Choice: What house code: Total Leftovers: 5.5 lbs
1) Add data
2) Display data
3) Remove house
4) Load XML
5) Write XML
6) Find food
7) Estimate leftovers
0) Quit
Choice: What house code: Total Leftovers: 31.0 lbs
1) Add data
2) Display data
3) Remove house
4) Load XML
5) Write XML
6) Find food
7) Estimate leftovers
0) Quit
Choice: What house code: Total Leftovers: -185.0 lbs
1) Add data
2) Display data
3) Remove house
4) Load XML
5) Write XML
6) Find food
7) Estimate leftovers
0) Quit
Choice: What house code: 
What person: 
Add hunger: 
Add stay y/n?
Add food y/n? 
Name: Weight: 
Add food y/n? 
1) Add data
2) Display data
3) Remove house
4) Load XML
5) Write XML
6) Find food
7) Estimate leftovers
0) Quit
Choice: What house code: Total Leftovers: 6.5 lbs
1) Add data
2) Display data
3) Remove house
4) Load XML
5) Write XML
6) Find food
7) Estimate leftovers
0) Quit
Choice: What house code: 
What person: 
Add hunger: 
Add stay y/n?
Update traveling: Update days: 
Add food y/n? 
1) Add data
2) Display data
3) Remove house
4) Load XML
5) Write XML
6) Find food
7) Estimate leftovers
0) Quit
Choice: What house code: Total Leftovers: 18.5 lbs
1) Add data
2) Display data
3) Remove house
4) Load XML
5) Write XML
6) Find food
7) Estimate leftovers
0) Quit
Choice: What house code: 
What person: 
Add hunger: 
Add stay y/n?
Add food y/n? 
1) Add data
2) Display data
3) Remove house
4) Load XML
5) Write XML
6) Find food
7) Estimate leftovers
0) Quit
Choice: What house code: Total Leftovers: -85.0 lbs
1) Add data
2) Display data
3) Remove house
4) Load XML
5) Write XML
6) Find food
7) Estimate leftovers
0) Quit
Choice: 