
1) Add data
2) Display data
3) Remove house
4) Load XML
5) Write XML
6) Find food
7) Estimate leftovers
0) Quit
Choice: What house code: Added house code
1) Add data
2) Display data
3) Remove house
4) Load XML
5) Write XML
6) Find food
7) Estimate leftovers
0) Quit
Choice: 
House: 1
1) Add data
2) Display data
3) Remove house
4) Load XML
5) Write XML
6) Find food
7) Estimate leftovers
0) Quit
Choice: What house code: 
What person: Added person
1) Add data
2) Display data
3) Remove house
4) Load XML
5) Write XML
6) Find food
7) Estimate leftovers
0) Quit
Choice: 
House: 1
--Name: Bob        Hunger: 1
----Stay:
------Traveling: no Days: 1
1) Add data
2) Display data
3) Remove house
4) Load XML
5) Write XML
6) Find food
7) Estimate leftovers
0) Quit
Choice: What house code: 
What person: 
Add hunger: 
Add stay y/n?
Add food y/n? 
1) Add data
2) Display data
3) Remove house
4) Load XML
5) Write XML
6) Find food
7) Estimate leftovers
0) Quit
Choice: 
House: 1
--Name: Bob        Hunger: 2
----Stay:
------Traveling: no Days: 1
1) Add data
2) Display data
3) Remove house
4) Load XML
5) Write XML
6) Find food
7) Estimate leftovers
0) Quit
Choice: What house code: 
What person: 
Add hunger: 
Add stay y/n?
Update traveling: Update days: 
Add food y/n? 
1) Add data
2) Display data
3) Remove house
4) Load XML
5) Write XML
6) Find food
7) Estimate leftovers
0) Quit
Choice: 
House: 1
--Name: Bob        Hunger: 2
----Stay:
------Traveling: yes Days: 2
1) Add data
2) Display data
3) Remove house
4) Load XML
5) Write XML
6) Find food
7) Estimate leftovers
0) Quit
Choice: What house code: 
What person: 
Add hunger: 
Add stay y/n?
Add food y/n? 
Name: Weight: 
Add food y/n? 
1) Add data
2) Display data
3) Remove house
4) Load XML
5) Write XML
6) Find food
7) Estimate leftovers
0) Quit
Choice: 
House: 1
--Name: Bob        Hunger: 2
----Stay:
------Traveling: yes Days: 2
----Food:
------Name: Turkey (15.0 lbs)
1) Add data
2) Display data
3) Remove house
4) Load XML
5) Write XML
6) Find food
7) Estimate leftovers
0) Quit
Choice: What house code: Added house code
1) Add data
2) Display data
3) Remove house
4) Load XML
5) Write XML
6) Find food
7) Estimate leftovers
0) Quit
Choice: What house code: 
What person: Added person
1) Add data
2) Display data
3) Remove house
4) Load XML
5) Write XML
6) Find food
7) Estimate leftovers
0) Quit
Choice: What house code: 
What person: 
Add hunger: 
Add stay y/n?
Update traveling: Update days: 
Add food y/n? 
Name: Weight: 
Add food y/n? 
Name: Weight: 
Add food y/n? 
1) Add data
2) Display data
3) Remove house
4) Load XML
5) Write XML
6) Find food
7) Estimate leftovers
0) Quit
Choice: 
House: 1
--Name: Bob        Hunger: 2
----Stay:
------Traveling: yes Days: 2
----Food:
------Name: Turkey (15.0 lbs)
House: 2
--Name: Phil       Hunger: 4
----Stay:
------Traveling: no Days: 3
----Food:
------Name: Dressing (5.5 lbs)
------Name: Potatoes (2.0 lbs)
1) Add data
2) Display data
3) Remove house
4) Load XML
5) Write XML
6) Find food
7) Estimate leftovers
0) Quit
Choice: What house code: 
What person: Added person
1) Add data
2) Display data
3) Remove house
4) Load XML
5) Write XML
6) Find food
7) Estimate leftovers
0) Quit
Choice: What house code: 
What person: 
Add hunger: 
Add stay y/n?
Add food y/n? 
Name: Weight: 
Add food y/n? 
1) Add data
2) Display data
3) Remove house
4) Load XML
5) Write XML
6) Find food
7) Estimate leftovers
0) Quit
Choice: 
House: 1
--Name: Bob        Hunger: 2
----Stay:
------Traveling: yes Days: 2
----Food:
------Name: Turkey (15.0 lbs)
House: 2
--Name: Phil       Hunger: 4
----Stay:
------Traveling: no Days: 3
----Food:
------Name: Dressing (5.5 lbs)
------Name: Potatoes (2.0 lbs)
--Name: Edward     Hunger: 2
----Stay:
------Traveling: no Days: 1
----Food:
------Name: Goose (12.7 lbs)
1) Add data
2) Display data
3) Remove house
4) Load XML
5) Write XML
6) Find food
7) Estimate leftovers
0) Quit
Choice: What house code: 
What person: 
Add hunger: 
Add stay y/n?
Update traveling: Update days: 
Add food y/n? 
Name: Weight: 
Add food y/n? 
1) Add data
2) Display data
3) Remove house
4) Load XML
5) Write XML
6) Find food
7) Estimate leftovers
0) Quit
Choice: 
House: 1
--Name: Bob        Hunger: 2
----Stay:
------Traveling: yes Days: 2
----Food:
------Name: Turkey (15.0 lbs)
House: 2
--Name: Phil       Hunger: 4
----Stay:
------Traveling: no Days: 3
----Food:
------Name: Dressing (5.5 lbs)
------Name: Potatoes (2.0 lbs)
--Name: Edward     Hunger: 3
----Stay:
------Traveling: yes Days: 2
----Food:
------Name: Goose (12.7 lbs)
------Name: Pie (2.0 lbs)
1) Add data
2) Display data
3) Remove house
4) Load XML
5) Write XML
6) Find food
7) Estimate leftovers
0) Quit
Choice: 