
1) Add data
2) Display data
3) Remove house
4) Load XML
5) Write XML
6) Find food
7) Estimate leftovers
0) Quit
Choice: File name: 
1) Add data
2) Display data
3) Remove house
4) Load XML
5) Write XML
6) Find food
7) Estimate leftovers
0) Quit
Choice: 
House: 1 
--Name: Harold     Hunger: 1
----Stay: 
------Traveling: yes Days: 2
----Food: 
------Name: Turkey (20.0 lbs)
--Name: Bob        Hunger: 4
----Stay: 
------Traveling: no Days: 5
----Food: 
------Name: pie (2.0 lbs)
------Name: biscuits (2.5 lbs)
------Name: green beans (4.0 lbs)
--Name: Paula      Hunger: 1
----Stay: 
------Traveling: yes Days: 1
House: 2 
--Name: Hortense   Hunger: 2
----Stay: 
------Traveling: yes Days: 1
----Food: 
------Name: Turkey (12.0 lbs)
--Name: Bernard    Hunger: 1
----Stay: 
------Traveling: no Days: 1
----Food: 
------Name: Mashed potatoes (5.0 lbs)

1) Add data
2) Display data
3) Remove house
4) Load XML
5) Write XML
6) Find food
7) Estimate leftovers
0) Quit
Choice: File name: 
1) Add data
2) Display data
3) Remove house
4) Load XML
5) Write XML
6) Find food
7) Estimate leftovers
0) Quit
Choice: 
House: 1 
--Name: Harold     Hunger: 1
----Stay: 
------Traveling: yes Days: 2
----Food: 
------Name: Turkey (20.0 lbs)
--Name: Bob        Hunger: 4
----Stay: 
------Traveling: no Days: 5
----Food: 
------Name: pie (2.0 lbs)
------Name: biscuits (2.5 lbs)
------Name: green beans (4.0 lbs)
--Name: Paula      Hunger: 1
----Stay: 
------Traveling: yes Days: 1
House: 2 
--Name: Hortense   Hunger: 2
----Stay: 
------Traveling: yes Days: 1
----Food: 
------Name: Turkey (12.0 lbs)
--Name: Bernard    Hunger: 1
----Stay: 
------Traveling: no Days: 1
----Food: 
------Name: Mashed potatoes (5.0 lbs)
House: 10 
--Name: Bert       Hunger: 1
----Stay: 
------Traveling: yes Days: 2
----Food: 
------Name: Turkey (15.0 lbs)
--Name: Cassandra  Hunger: 4
----Stay: 
------Traveling: no Days: 2
----Food: 
------Name: cherry pie (2.0 lbs)

1) Add data
2) Display data
3) Remove house
4) Load XML
5) Write XML
6) Find food
7) Estimate leftovers
0) Quit
Choice: 
