
1) Add data
2) Display data
3) Remove house
4) Load XML
5) Write XML
6) Find food
7) Estimate leftovers
0) Quit
Choice: File name: 
1) Add data
2) Display data
3) Remove house
4) Load XML
5) Write XML
6) Find food
7) Estimate leftovers
0) Quit
Choice: File name: 
1) Add data
2) Display data
3) Remove house
4) Load XML
5) Write XML
6) Find food
7) Estimate leftovers
0) Quit
Choice: File name: 
1) Add data
2) Display data
3) Remove house
4) Load XML
5) Write XML
6) Find food
7) Estimate leftovers
0) Quit
Choice: File name: 
1) Add data
2) Display data
3) Remove house
4) Load XML
5) Write XML
6) Find food
7) Estimate leftovers
0) Quit
Choice: 
